* using log directory ‘/Users/Leviathan/Downloads/STA3005/BinarySVMXHT/..Rcheck’
* using R version 4.4.2 (2024-10-31)
* using platform: x86_64-apple-darwin20
* R was compiled by
    Apple clang version 14.0.0 (clang-1400.0.29.202)
    GNU Fortran (GCC) 12.2.0
* running under: macOS Ventura 13.7.3
* using session charset: UTF-8
* checking for file ‘./DESCRIPTION’ ... OK
* checking extension type ... Package
* this is package ‘BinarySVMXHT’ version ‘0.1.0’
* package encoding: UTF-8
* checking package namespace information ... OK
* checking package dependencies ... OK
* checking if this is a source package ... OK
* checking if there is a namespace ... OK
* checking for executable files ... OK
* checking for hidden files and directories ... NOTE
Found the following hidden files and directories:
  .DS_Store
  .RData
  .Rhistory
  .Rproj.user/.DS_Store
  .gitignore
  R/.DS_Store
  man/.DS_Store
  vignettes/.DS_Store
  vignettes/.gitignore
  ..Rcheck
  .Rproj.user
These were most likely included in error. See section ‘Package
structure’ in the ‘Writing R Extensions’ manual.
* checking for portable file names ... NOTE
Found the following non-portable file path:
  BinarySVMXHT/.Rproj.user/shared/notebooks/2EB8C4FC-SVM-and-Hypothesis-Testing/1/315DFD93e4ec05e3/chunks.json

Tarballs are only required to store paths of up to 100 bytes and cannot
store those of more than 256 bytes, with restrictions including to 100
bytes for the final component.
See section ‘Package structure’ in the ‘Writing R Extensions’ manual.
* checking for sufficient/correct file permissions ... OK
* checking whether package ‘BinarySVMXHT’ can be installed ... ERROR
Installation failed.
See ‘/Users/Leviathan/Downloads/STA3005/BinarySVMXHT/..Rcheck/00install.out’ for details.
* DONE
Status: 1 ERROR, 2 NOTEs
